2024-06-11T14:38:58  chore: tune defaults
2024-07-17T09:55:05  refactor: simplify helper
2024-07-29T16:12:12  chore: routine maintenance
2024-08-18T11:29:19  docs: clarify usage notes
2024-09-23T18:46:26  test: add edge case
2024-10-13T13:03:33  refactor: tidy internals
2024-10-25T08:20:40  fix: handle empty input gracefully
2024-12-01T15:37:47  perf: micro-optimization
2024-12-20T10:54:54  style: formatting
2025-01-26T17:11:01  chore: bump dev tooling
2025-02-14T12:28:08  docs: expand examples
2025-02-27T19:45:15  test: strengthen coverage
2025-04-04T14:02:22  chore: tune defaults
2025-04-24T09:19:29  refactor: simplify helper
2025-05-30T16:36:36  chore: routine maintenance
2025-06-19T11:53:43  docs: clarify usage notes
2025-07-01T18:10:50  test: add edge case
2025-08-13T13:27:57  refactor: tidy internals
2025-08-26T08:44:04  fix: handle empty input gracefully
2025-10-01T15:01:11  perf: micro-optimization
2025-10-21T10:18:18  style: formatting
2025-11-02T17:35:25  chore: bump dev tooling
